{
  "stats": {
    "suites": 4,
    "tests": 11,
    "passes": 11,
    "pending": 0,
    "failures": 0,
    "start": "2023-02-09T10:16:22.524Z",
    "end": "2023-02-09T10:16:28.662Z",
    "duration": 6138,
    "testsRegistered": 11,
    "passPercent": 100,
    "pendingPercent": 0,
    "other": 0,
    "hasOther": false,
    "skipped": 0,
    "hasSkipped": false
  },
  "results": [
    {
      "uuid": "8aed1af1-d2b0-476b-a789-a6dd92f7e94c",
      "title": "",
      "fullFile": "",
      "file": "",
      "beforeHooks": [],
      "afterHooks": [],
      "tests": [],
      "suites": [
        {
          "uuid": "4c03fa58-4f7c-4425-86c8-954e6be8c2ff",
          "title": "Regist Toko in Casier Aja",
          "fullFile": "C:\\Users\\Nia Yusniati\\API Sanber\\API-Automation-with-Mocha-Chai\\test\\auth-regist.spec.js",
          "file": "\\test\\auth-regist.spec.js",
          "beforeHooks": [],
          "afterHooks": [],
          "tests": [
            {
              "title": "Find Status and Body",
              "fullTitle": "Regist Toko in Casier Aja Find Status and Body",
              "timedOut": false,
              "duration": 775,
              "state": "passed",
              "speed": "slow",
              "pass": true,
              "fail": false,
              "pending": false,
              "context": null,
              "code": "console.log((await response).status);\nconsole.log((await response).body);\nemail = (await response).body.data.email;\nconsole.log(\"-----------//------------\");\nconsole.log(\"email adalah = \" + email);",
              "err": {},
              "uuid": "ef8f6585-a24a-4e4e-9e13-57c61e218b6f",
              "parentUUID": "4c03fa58-4f7c-4425-86c8-954e6be8c2ff",
              "isHook": false,
              "skipped": false
            },
            {
              "title": "Equal Status must be 201",
              "fullTitle": "Regist Toko in Casier Aja Equal Status must be 201",
              "timedOut": false,
              "duration": 4,
              "state": "passed",
              "speed": "fast",
              "pass": true,
              "fail": false,
              "pending": false,
              "context": null,
              "code": "expect((await response).status).to.equal(201);",
              "err": {},
              "uuid": "44e2d732-6d63-457f-b9dc-7ff8de4c122f",
              "parentUUID": "4c03fa58-4f7c-4425-86c8-954e6be8c2ff",
              "isHook": false,
              "skipped": false
            },
            {
              "title": "Equal Massage must be Toko berhasil di daftarkan and get feedback",
              "fullTitle": "Regist Toko in Casier Aja Equal Massage must be Toko berhasil di daftarkan and get feedback",
              "timedOut": false,
              "duration": 1,
              "state": "passed",
              "speed": "fast",
              "pass": true,
              "fail": false,
              "pending": false,
              "context": null,
              "code": "expect((await response).body.status).to.equal(\"success\");\nexpect((await response).body.message).to.equal(\"Toko berhasil didaftarkan\");\nexpect((await response).body.data.name).to.equal(\"Kelontong Murah\");\nexpect((await response).body.data.name).not.to.be.null;",
              "err": {},
              "uuid": "94c63232-312d-4bb5-9c46-48ab8f68dea9",
              "parentUUID": "4c03fa58-4f7c-4425-86c8-954e6be8c2ff",
              "isHook": false,
              "skipped": false
            }
          ],
          "suites": [],
          "passes": [
            "ef8f6585-a24a-4e4e-9e13-57c61e218b6f",
            "44e2d732-6d63-457f-b9dc-7ff8de4c122f",
            "94c63232-312d-4bb5-9c46-48ab8f68dea9"
          ],
          "failures": [],
          "pending": [],
          "skipped": [],
          "duration": 780,
          "root": false,
          "rootEmpty": false,
          "_timeout": 20000
        },
        {
          "uuid": "48f9569f-020d-489d-9fac-65dd25e4364b",
          "title": "Regist User",
          "fullFile": "C:\\Users\\Nia Yusniati\\API Sanber\\API-Automation-with-Mocha-Chai\\test\\auth-regist.spec.js",
          "file": "\\test\\auth-regist.spec.js",
          "beforeHooks": [],
          "afterHooks": [],
          "tests": [
            {
              "title": "Geth Auth",
              "fullTitle": "Regist User Geth Auth",
              "timedOut": false,
              "duration": 1072,
              "state": "passed",
              "speed": "slow",
              "pass": true,
              "fail": false,
              "pending": false,
              "context": null,
              "code": "console.log((await response).status);\nconsole.log((await response).body);\ntoken = (await response).body.data.accessToken;\nconsole.log(\"-----------//------------\");\nconsole.log(\"akses token adalah = \" + token);",
              "err": {},
              "uuid": "f437d96b-d5b8-4daf-a014-421fd730d08e",
              "parentUUID": "48f9569f-020d-489d-9fac-65dd25e4364b",
              "isHook": false,
              "skipped": false
            },
            {
              "title": "Create User",
              "fullTitle": "Regist User Create User",
              "timedOut": false,
              "duration": 955,
              "state": "passed",
              "speed": "slow",
              "pass": true,
              "fail": false,
              "pending": false,
              "context": null,
              "code": "const response = request(\"https://kasir-api.belajarqa.com\").post(\"/users\").send(user).set(\"Authorization\", `Bearer ${token}`);\nconsole.log(\"status adalah = \" + (await response).status);\nconsole.log(\"Response Body = \");\nconsole.log((await response).body);\nexpect((await response).status).to.equal(201);\nexpect((await response).body.data.userId).not.to.be.null;\nUserID = (await response).body.data.userId;",
              "err": {},
              "uuid": "d6970157-1295-45fd-98b9-3a4b6f4cae02",
              "parentUUID": "48f9569f-020d-489d-9fac-65dd25e4364b",
              "isHook": false,
              "skipped": false
            },
            {
              "title": "Get User Detail",
              "fullTitle": "Regist User Get User Detail",
              "timedOut": false,
              "duration": 312,
              "state": "passed",
              "speed": "slow",
              "pass": true,
              "fail": false,
              "pending": false,
              "context": null,
              "code": "const response = request(\"https://kasir-api.belajarqa.com\").get(`/users/${UserID}`).set(\"Authorization\", `Bearer ${token}`);\nconsole.log(\"status adalah = \" + (await response).status);\nconsole.log(\"Response Body = \");\nconsole.log((await response).body);\nexpect((await response).status).to.equal(200);",
              "err": {},
              "uuid": "36793749-87ae-4023-886b-d3aa311924db",
              "parentUUID": "48f9569f-020d-489d-9fac-65dd25e4364b",
              "isHook": false,
              "skipped": false
            },
            {
              "title": "Update Data",
              "fullTitle": "Regist User Update Data",
              "timedOut": false,
              "duration": 518,
              "state": "passed",
              "speed": "slow",
              "pass": true,
              "fail": false,
              "pending": false,
              "context": null,
              "code": "const response = request(\"https://kasir-api.belajarqa.com\").put(`/users/${UserID}`).send(update).set(\"Authorization\", `Bearer ${token}`);\nconsole.log(\"status adalah = \" + (await response).status);\nconsole.log(\"Response Body = \");\nconsole.log((await response).body);\nexpect((await response).status).to.equal(200);",
              "err": {},
              "uuid": "26c151db-8f81-4121-93be-f775677ea0b4",
              "parentUUID": "48f9569f-020d-489d-9fac-65dd25e4364b",
              "isHook": false,
              "skipped": false
            },
            {
              "title": "Delete Data",
              "fullTitle": "Regist User Delete Data",
              "timedOut": false,
              "duration": 332,
              "state": "passed",
              "speed": "slow",
              "pass": true,
              "fail": false,
              "pending": false,
              "context": null,
              "code": "const response = await request(\"https://kasir-api.belajarqa.com\").del(`/users/${UserID}`).set(\"Authorization\", `Bearer ${token}`);\nconsole.log(\"status adalah = \" + (await response).status);\nconsole.log(\"Response Body = \");\nconsole.log((await response).body);\nexpect((await response).status).to.equal(200);",
              "err": {},
              "uuid": "50320007-ef6a-4000-9c50-f387f56f947e",
              "parentUUID": "48f9569f-020d-489d-9fac-65dd25e4364b",
              "isHook": false,
              "skipped": false
            }
          ],
          "suites": [],
          "passes": [
            "f437d96b-d5b8-4daf-a014-421fd730d08e",
            "d6970157-1295-45fd-98b9-3a4b6f4cae02",
            "36793749-87ae-4023-886b-d3aa311924db",
            "26c151db-8f81-4121-93be-f775677ea0b4",
            "50320007-ef6a-4000-9c50-f387f56f947e"
          ],
          "failures": [],
          "pending": [],
          "skipped": [],
          "duration": 3189,
          "root": false,
          "rootEmpty": false,
          "_timeout": 20000
        },
        {
          "uuid": "ce1ff5ca-c0c6-4394-8106-978de1a989ed",
          "title": "Get Request example",
          "fullFile": "C:\\Users\\Nia Yusniati\\API Sanber\\API-Automation-with-Mocha-Chai\\test\\post.spec.js",
          "file": "\\test\\post.spec.js",
          "beforeHooks": [],
          "afterHooks": [],
          "tests": [
            {
              "title": "Find Pets by Status",
              "fullTitle": "Get Request example Find Pets by Status",
              "timedOut": false,
              "duration": 1071,
              "state": "passed",
              "speed": "slow",
              "pass": true,
              "fail": false,
              "pending": false,
              "context": null,
              "code": "console.log((await response).status);\nconsole.log((await response).body);",
              "err": {},
              "uuid": "20b9445e-c7cd-4f89-876e-e2036d641521",
              "parentUUID": "ce1ff5ca-c0c6-4394-8106-978de1a989ed",
              "isHook": false,
              "skipped": false
            },
            {
              "title": "Equal Status must be 200",
              "fullTitle": "Get Request example Equal Status must be 200",
              "timedOut": false,
              "duration": 1,
              "state": "passed",
              "speed": "fast",
              "pass": true,
              "fail": false,
              "pending": false,
              "context": null,
              "code": "expect((await response).status).to.equal(200);",
              "err": {},
              "uuid": "abfc6a06-4262-4f64-ae1e-95384ad0ae7b",
              "parentUUID": "ce1ff5ca-c0c6-4394-8106-978de1a989ed",
              "isHook": false,
              "skipped": false
            }
          ],
          "suites": [],
          "passes": [
            "20b9445e-c7cd-4f89-876e-e2036d641521",
            "abfc6a06-4262-4f64-ae1e-95384ad0ae7b"
          ],
          "failures": [],
          "pending": [],
          "skipped": [],
          "duration": 1072,
          "root": false,
          "rootEmpty": false,
          "_timeout": 20000
        },
        {
          "uuid": "1435f30c-5d05-4dec-8060-d28481e14a56",
          "title": "Post Request Example",
          "fullFile": "C:\\Users\\Nia Yusniati\\API Sanber\\API-Automation-with-Mocha-Chai\\test\\post.spec.js",
          "file": "\\test\\post.spec.js",
          "beforeHooks": [],
          "afterHooks": [],
          "tests": [
            {
              "title": "Success create user",
              "fullTitle": "Post Request Example Success create user",
              "timedOut": false,
              "duration": 1038,
              "state": "passed",
              "speed": "slow",
              "pass": true,
              "fail": false,
              "pending": false,
              "context": null,
              "code": "console.log((await response).status);\nconsole.log((await response).body);\nexpect((await response).body.message).to.equal(\"12345\");",
              "err": {},
              "uuid": "e04aedad-8421-4ebe-a92c-39c9c32a89fc",
              "parentUUID": "1435f30c-5d05-4dec-8060-d28481e14a56",
              "isHook": false,
              "skipped": false
            }
          ],
          "suites": [],
          "passes": [
            "e04aedad-8421-4ebe-a92c-39c9c32a89fc"
          ],
          "failures": [],
          "pending": [],
          "skipped": [],
          "duration": 1038,
          "root": false,
          "rootEmpty": false,
          "_timeout": 20000
        }
      ],
      "passes": [],
      "failures": [],
      "pending": [],
      "skipped": [],
      "duration": 0,
      "root": true,
      "rootEmpty": true,
      "_timeout": 20000
    }
  ],
  "meta": {
    "mocha": {
      "version": "10.2.0"
    },
    "mochawesome": {
      "options": {
        "quiet": false,
        "reportFilename": "mochawesome",
        "saveHtml": true,
        "saveJson": true,
        "consoleReporter": "spec",
        "useInlineDiffs": false,
        "code": true
      },
      "version": "7.1.3"
    },
    "marge": {
      "options": null,
      "version": "6.2.0"
    }
  }
}